
 Error Code2002 ErrorDetail No connection could be made because the target machine actively refused it.
 on occured at Wed04-05-202201:47:52PM in file connection.php at lineno 0
 Error Code2002 ErrorDetail No connection could be made because the target machine actively refused it.
 on occured at Wed04-05-202201:48:51PM in file connection.php at lineno 0
 Error Code2002 ErrorDetail No connection could be made because the target machine actively refused it.
 on occured at Wed04-05-202201:50:06PM in file connection.php at lineno 0
 Error Code42000 ErrorDetail You have an error in your SQL syntax; check the manual that corresponds to your MySQL server version for the right syntax to use near 'inster into category (ctitle,description,adtype,subadtype,pageno,adsize,rate,sam' at line 1 on occured at Wed04-05-202201:50:56PM in file E:\wamp64\www\php\project\admin\submit\insert_category.php at lineno 0
 Error Code42000 ErrorDetail You have an error in your SQL syntax; check the manual that corresponds to your MySQL server version for the right syntax to use near 'inster into category (ctitle,description,adtype,subadtype,pageno,adsize,rate,sam' at line 1 on occured at Wed04-05-202201:54:42PM in file E:\wamp64\www\php\project\admin\submit\insert_category.php at lineno 0
 Error Code42S02 ErrorDetail Table 'advertise_booking.category1' doesn't exist on occured at Wed04-05-202203:23:44PM in file E:\wamp64\www\php\project\admin\submit\insert_category.php at lineno 0
 Error Code42S02 ErrorDetail Table 'advertise_booking.category1' doesn't exist on occured at Wed04-05-202203:25:18PM in file E:\wamp64\www\php\project\admin\submit\insert_category.php at lineno 0
 Error Code42S02 ErrorDetail Table 'advertise_booking.category1' doesn't exist on occured at Wed04-05-202203:25:19PM in file E:\wamp64\www\php\project\admin\submit\insert_category.php at lineno 0
 Error Code42S02 ErrorDetail Table 'advertise_booking.category1' doesn't exist on occured at Wed04-05-202203:25:38PM in file E:\wamp64\www\php\project\admin\submit\insert_category.php at lineno 0
 Error Code42S02 ErrorDetail Table 'advertise_booking.category1' doesn't exist on occured at Wed04-05-202203:26:33PM in file E:\wamp64\www\php\project\admin\submit\insert_category.php at lineno 0
 Error Code42S02 ErrorDetail Table 'advertise_booking.category1' doesn't exist on occured at Wed04-05-202203:27:33PM in file E:\wamp64\www\php\project\admin\submit\insert_category.php at lineno 0
 Error Code42S02 ErrorDetail Table 'advertise_booking.category1' doesn't exist on occured at Wed04-05-202203:29:44PM in file E:\wamp64\www\php\project\admin\submit\insert_category.php at lineno 0
 Error Code42S02 ErrorDetail Table 'advertise_booking.category1' doesn't exist on occured at Wed04-05-202203:30:25PM in file E:\wamp64\www\php\project\admin\submit\insert_category.php at lineno 0
 Error Code42S02 ErrorDetail Table 'advertise_booking.category1' doesn't exist on occured at Wed04-05-202204:05:33PM in file E:\wamp64\www\php\project\admin\submit\insert_category.php at lineno 0
 Error Code42S02 ErrorDetail Table 'advertise_booking.category1' doesn't exist on occured at Wed04-05-202204:06:10PM in file E:\wamp64\www\php\project\admin\submit\insert_category.php at lineno 0
 Error Code42000 ErrorDetail You have an error in your SQL syntax; check the manual that corresponds to your MySQL server version for the right syntax to use near 'dec' at line 1 on occured at Wed04-05-202204:58:51PM in file E:\wamp64\www\php\project\admin\catagory.php at lineno 0
 Error Code42000 ErrorDetail You have an error in your SQL syntax; check the manual that corresponds to your MySQL server version for the right syntax to use near 'dec' at line 1 on occured at Wed04-05-202204:58:54PM in file E:\wamp64\www\php\project\admin\catagory.php at lineno 0
 Error Code42000 ErrorDetail You have an error in your SQL syntax; check the manual that corresponds to your MySQL server version for the right syntax to use near 'dec' at line 1 on occured at Wed04-05-202204:58:54PM in file E:\wamp64\www\php\project\admin\catagory.php at lineno 0
 Error Code23000 ErrorDetail Column 'email' cannot be null on occured at Sat07-05-202211:01:11AM in file E:\wamp64\www\php\project\admin\submit\insert_operators.php at lineno 0
 Error Code23000 ErrorDetail Column 'email' cannot be null on occured at Sat07-05-202211:02:43AM in file E:\wamp64\www\php\project\admin\submit\insert_operators.php at lineno 0
 Error Code23000 ErrorDetail Column 'email' cannot be null on occured at Sat07-05-202211:03:49AM in file E:\wamp64\www\php\project\admin\submit\insert_operators.php at lineno 0
 Error Code23000 ErrorDetail Column 'email' cannot be null on occured at Sat07-05-202211:05:25AM in file E:\wamp64\www\php\project\admin\submit\insert_operators.php at lineno 0
 Error Code23000 ErrorDetail Column 'email' cannot be null on occured at Sat07-05-202211:07:10AM in file E:\wamp64\www\php\project\admin\submit\insert_operators.php at lineno 0
 Error Code23000 ErrorDetail Column 'email' cannot be null on occured at Sat07-05-202211:08:09AM in file E:\wamp64\www\php\project\admin\submit\insert_operators.php at lineno 0
 Error Code23000 ErrorDetail Column 'email' cannot be null on occured at Sat07-05-202211:09:49AM in file E:\wamp64\www\php\project\admin\submit\insert_operators.php at lineno 0